2021-07-23 14:25:54 [scrapy.utils.log] INFO: Scrapy 1.8.0 started (bot: msds)
2021-07-23 14:25:54 [scrapy.utils.log] INFO: Versions: lxml 4.6.1.0, libxml2 2.9.10, cssselect 1.1.0, parsel 1.5.2, w3lib 1.21.0, Twisted 21.2.0, Python 3.8.5 (default, Sep  3 2020, 21:29:08) [MSC v.1916 64 bit (AMD64)], pyOpenSSL 19.1.0 (OpenSSL 1.1.1h  22 Sep 2020), cryptography 3.1.1, Platform Windows-10-10.0.19041-SP0
2021-07-23 14:25:54 [scrapy.crawler] INFO: Overridden settings: {'BOT_NAME': 'msds', 'COOKIES_ENABLED': False, 'DOWNLOAD_DELAY': 3, 'LOG_FILE': 'logs\\default\\msds03\\d0a087efeb7e11eb9c45484520c2cd5f.log', 'NEWSPIDER_MODULE': 'msds.spiders', 'SPIDER_MODULES': ['msds.spiders'], 'USER_AGENT': 'Mozilla/5.0 (Windows NT 6.1) AppleWebKit/535.1 (KHTML, like Gecko) Chrome/13.0.782.41 Safari/535.1 QQBrowser/6.9.11079.201'}
2021-07-23 14:25:54 [scrapy.extensions.telnet] INFO: Telnet Password: 609e2432ceadc145
2021-07-23 14:25:54 [scrapy.middleware] INFO: Enabled extensions:
['scrapy.extensions.corestats.CoreStats',
 'scrapy.extensions.telnet.TelnetConsole',
 'scrapy.extensions.logstats.LogStats']
2021-07-23 14:25:54 [scrapy.middleware] INFO: Enabled downloader middlewares:
['scrapy.downloadermiddlewares.httpauth.HttpAuthMiddleware',
 'scrapy.downloadermiddlewares.downloadtimeout.DownloadTimeoutMiddleware',
 'scrapy.downloadermiddlewares.defaultheaders.DefaultHeadersMiddleware',
 'scrapy.downloadermiddlewares.useragent.UserAgentMiddleware',
 'scrapy.downloadermiddlewares.retry.RetryMiddleware',
 'scrapy.downloadermiddlewares.redirect.MetaRefreshMiddleware',
 'scrapy.downloadermiddlewares.httpcompression.HttpCompressionMiddleware',
 'scrapy.downloadermiddlewares.redirect.RedirectMiddleware',
 'scrapy.downloadermiddlewares.httpproxy.HttpProxyMiddleware',
 'scrapy.downloadermiddlewares.stats.DownloaderStats']
2021-07-23 14:25:54 [scrapy.middleware] INFO: Enabled spider middlewares:
['scrapy.spidermiddlewares.httperror.HttpErrorMiddleware',
 'scrapy.spidermiddlewares.offsite.OffsiteMiddleware',
 'scrapy.spidermiddlewares.referer.RefererMiddleware',
 'scrapy.spidermiddlewares.urllength.UrlLengthMiddleware',
 'scrapy.spidermiddlewares.depth.DepthMiddleware']
2021-07-23 14:25:54 [scrapy.middleware] INFO: Enabled item pipelines:
[]
2021-07-23 14:25:54 [scrapy.core.engine] INFO: Spider opened
2021-07-23 14:25:54 [scrapy.extensions.logstats] INFO: Crawled 0 pages (at 0 pages/min), scraped 0 items (at 0 items/min)
2021-07-23 14:25:54 [scrapy.extensions.telnet] INFO: Telnet console listening on 127.0.0.1:6023
2021-07-23 14:25:54 [scrapy.downloadermiddlewares.retry] DEBUG: Retrying <GET https://china.guidechem.com/datacenter/msds/c/699.html> (failed 1 times): 503 Service Unavailable
2021-07-23 14:25:57 [scrapy.downloadermiddlewares.retry] DEBUG: Retrying <GET https://china.guidechem.com/datacenter/msds/c/699.html> (failed 2 times): 503 Service Unavailable
2021-07-23 14:26:02 [scrapy.downloadermiddlewares.retry] DEBUG: Gave up retrying <GET https://china.guidechem.com/datacenter/msds/c/699.html> (failed 3 times): 503 Service Unavailable
2021-07-23 14:26:02 [scrapy.core.engine] DEBUG: Crawled (503) <GET https://china.guidechem.com/datacenter/msds/c/699.html> (referer: None)
2021-07-23 14:26:02 [scrapy.spidermiddlewares.httperror] INFO: Ignoring response <503 https://china.guidechem.com/datacenter/msds/c/699.html>: HTTP status code is not handled or not allowed
2021-07-23 14:26:02 [scrapy.core.engine] INFO: Closing spider (finished)
2021-07-23 14:26:02 [scrapy.statscollectors] INFO: Dumping Scrapy stats:
{'downloader/request_bytes': 1005,
 'downloader/request_count': 3,
 'downloader/request_method_count/GET': 3,
 'downloader/response_bytes': 9561,
 'downloader/response_count': 3,
 'downloader/response_status_count/503': 3,
 'elapsed_time_seconds': 8.00184,
 'finish_reason': 'finished',
 'finish_time': datetime.datetime(2021, 7, 23, 6, 26, 2, 235560),
 'httperror/response_ignored_count': 1,
 'httperror/response_ignored_status_count/503': 1,
 'log_count/DEBUG': 4,
 'log_count/INFO': 11,
 'response_received_count': 1,
 'retry/count': 2,
 'retry/max_reached': 1,
 'retry/reason_count/503 Service Unavailable': 2,
 'scheduler/dequeued': 3,
 'scheduler/dequeued/memory': 3,
 'scheduler/enqueued': 3,
 'scheduler/enqueued/memory': 3,
 'start_time': datetime.datetime(2021, 7, 23, 6, 25, 54, 233720)}
2021-07-23 14:26:02 [scrapy.core.engine] INFO: Spider closed (finished)
