2021-07-23 14:22:28 [scrapy.utils.log] INFO: Scrapy 1.8.0 started (bot: msds)
2021-07-23 14:22:28 [scrapy.utils.log] INFO: Versions: lxml 4.6.1.0, libxml2 2.9.10, cssselect 1.1.0, parsel 1.5.2, w3lib 1.21.0, Twisted 21.2.0, Python 3.8.5 (default, Sep  3 2020, 21:29:08) [MSC v.1916 64 bit (AMD64)], pyOpenSSL 19.1.0 (OpenSSL 1.1.1h  22 Sep 2020), cryptography 3.1.1, Platform Windows-10-10.0.19041-SP0
2021-07-23 14:22:28 [scrapy.crawler] INFO: Overridden settings: {'BOT_NAME': 'msds', 'COOKIES_ENABLED': False, 'DOWNLOAD_DELAY': 3, 'LOG_FILE': 'logs\\default\\msds01\\5655427feb7e11eb999a484520c2cd5f.log', 'NEWSPIDER_MODULE': 'msds.spiders', 'SPIDER_MODULES': ['msds.spiders'], 'USER_AGENT': 'Mozilla/5.0 (Windows NT 6.1) AppleWebKit/535.1 (KHTML, like Gecko) Chrome/13.0.782.41 Safari/535.1 QQBrowser/6.9.11079.201'}
2021-07-23 14:22:28 [scrapy.extensions.telnet] INFO: Telnet Password: ade065c150493125
2021-07-23 14:22:28 [scrapy.middleware] INFO: Enabled extensions:
['scrapy.extensions.corestats.CoreStats',
 'scrapy.extensions.telnet.TelnetConsole',
 'scrapy.extensions.logstats.LogStats']
2021-07-23 14:22:28 [scrapy.middleware] INFO: Enabled downloader middlewares:
['scrapy.downloadermiddlewares.httpauth.HttpAuthMiddleware',
 'scrapy.downloadermiddlewares.downloadtimeout.DownloadTimeoutMiddleware',
 'scrapy.downloadermiddlewares.defaultheaders.DefaultHeadersMiddleware',
 'scrapy.downloadermiddlewares.useragent.UserAgentMiddleware',
 'scrapy.downloadermiddlewares.retry.RetryMiddleware',
 'scrapy.downloadermiddlewares.redirect.MetaRefreshMiddleware',
 'scrapy.downloadermiddlewares.httpcompression.HttpCompressionMiddleware',
 'scrapy.downloadermiddlewares.redirect.RedirectMiddleware',
 'scrapy.downloadermiddlewares.httpproxy.HttpProxyMiddleware',
 'scrapy.downloadermiddlewares.stats.DownloaderStats']
2021-07-23 14:22:28 [scrapy.middleware] INFO: Enabled spider middlewares:
['scrapy.spidermiddlewares.httperror.HttpErrorMiddleware',
 'scrapy.spidermiddlewares.offsite.OffsiteMiddleware',
 'scrapy.spidermiddlewares.referer.RefererMiddleware',
 'scrapy.spidermiddlewares.urllength.UrlLengthMiddleware',
 'scrapy.spidermiddlewares.depth.DepthMiddleware']
2021-07-23 14:22:28 [scrapy.middleware] INFO: Enabled item pipelines:
[]
2021-07-23 14:22:28 [scrapy.core.engine] INFO: Spider opened
2021-07-23 14:22:28 [scrapy.extensions.logstats] INFO: Crawled 0 pages (at 0 pages/min), scraped 0 items (at 0 items/min)
2021-07-23 14:22:28 [scrapy.extensions.telnet] INFO: Telnet console listening on 127.0.0.1:6023
2021-07-23 14:22:29 [scrapy.core.engine] DEBUG: Crawled (200) <GET https://china.guidechem.com/datacenter/msds_cn_list-p1.html> (referer: None)
2021-07-23 14:22:44 [scrapy.core.engine] DEBUG: Crawled (200) <GET https://china.guidechem.com/datacenter/msds/c/699.html> (referer: https://china.guidechem.com/datacenter/msds_cn_list-p1.html)
2021-07-23 14:22:54 [scrapy.core.engine] DEBUG: Crawled (200) <GET https://china.guidechem.com/datacenter/msds/c/701.html> (referer: https://china.guidechem.com/datacenter/msds_cn_list-p1.html)
2021-07-23 14:22:54 [scrapy.core.scraper] ERROR: Spider error processing <GET https://china.guidechem.com/datacenter/msds/c/699.html> (referer: https://china.guidechem.com/datacenter/msds_cn_list-p1.html)
Traceback (most recent call last):
  File "d:\program files (x86)\ku\lib\site-packages\scrapy\utils\defer.py", line 102, in iter_errback
    yield next(it)
  File "d:\program files (x86)\ku\lib\site-packages\scrapy\core\spidermw.py", line 84, in evaluate_iterable
    for r in iterable:
  File "d:\program files (x86)\ku\lib\site-packages\scrapy\spidermiddlewares\offsite.py", line 29, in process_spider_output
    for x in result:
  File "d:\program files (x86)\ku\lib\site-packages\scrapy\core\spidermw.py", line 84, in evaluate_iterable
    for r in iterable:
  File "d:\program files (x86)\ku\lib\site-packages\scrapy\spidermiddlewares\referer.py", line 339, in <genexpr>
    return (_set_referer(r) for r in result or ())
  File "d:\program files (x86)\ku\lib\site-packages\scrapy\core\spidermw.py", line 84, in evaluate_iterable
    for r in iterable:
  File "d:\program files (x86)\ku\lib\site-packages\scrapy\spidermiddlewares\urllength.py", line 37, in <genexpr>
    return (r for r in result or () if _filter(r))
  File "d:\program files (x86)\ku\lib\site-packages\scrapy\core\spidermw.py", line 84, in evaluate_iterable
    for r in iterable:
  File "d:\program files (x86)\ku\lib\site-packages\scrapy\spidermiddlewares\depth.py", line 58, in <genexpr>
    return (r for r in result or () if _filter(r))
  File "C:\Users\wukang\Desktop\git_hub\scrapy\msds01\msds\msds\spiders\msds01.py", line 46, in parse_s
    item['cas'] = guoji
  File "d:\program files (x86)\ku\lib\site-packages\scrapy\item.py", line 97, in __setitem__
    raise KeyError("%s does not support field: %s" %
KeyError: 'MsdsItem does not support field: cas'
2021-07-23 14:23:04 [scrapy.core.engine] DEBUG: Crawled (200) <GET https://china.guidechem.com/datacenter/msds/c/705.html> (referer: https://china.guidechem.com/datacenter/msds_cn_list-p1.html)
2021-07-23 14:23:04 [scrapy.core.scraper] ERROR: Spider error processing <GET https://china.guidechem.com/datacenter/msds/c/701.html> (referer: https://china.guidechem.com/datacenter/msds_cn_list-p1.html)
Traceback (most recent call last):
  File "d:\program files (x86)\ku\lib\site-packages\scrapy\utils\defer.py", line 102, in iter_errback
    yield next(it)
  File "d:\program files (x86)\ku\lib\site-packages\scrapy\core\spidermw.py", line 84, in evaluate_iterable
    for r in iterable:
  File "d:\program files (x86)\ku\lib\site-packages\scrapy\spidermiddlewares\offsite.py", line 29, in process_spider_output
    for x in result:
  File "d:\program files (x86)\ku\lib\site-packages\scrapy\core\spidermw.py", line 84, in evaluate_iterable
    for r in iterable:
  File "d:\program files (x86)\ku\lib\site-packages\scrapy\spidermiddlewares\referer.py", line 339, in <genexpr>
    return (_set_referer(r) for r in result or ())
  File "d:\program files (x86)\ku\lib\site-packages\scrapy\core\spidermw.py", line 84, in evaluate_iterable
    for r in iterable:
  File "d:\program files (x86)\ku\lib\site-packages\scrapy\spidermiddlewares\urllength.py", line 37, in <genexpr>
    return (r for r in result or () if _filter(r))
  File "d:\program files (x86)\ku\lib\site-packages\scrapy\core\spidermw.py", line 84, in evaluate_iterable
    for r in iterable:
  File "d:\program files (x86)\ku\lib\site-packages\scrapy\spidermiddlewares\depth.py", line 58, in <genexpr>
    return (r for r in result or () if _filter(r))
  File "C:\Users\wukang\Desktop\git_hub\scrapy\msds01\msds\msds\spiders\msds01.py", line 46, in parse_s
    item['cas'] = guoji
  File "d:\program files (x86)\ku\lib\site-packages\scrapy\item.py", line 97, in __setitem__
    raise KeyError("%s does not support field: %s" %
KeyError: 'MsdsItem does not support field: cas'
