2021-07-23 14:21:59 [scrapy.utils.log] INFO: Scrapy 1.8.0 started (bot: msds)
2021-07-23 14:21:59 [scrapy.utils.log] INFO: Versions: lxml 4.6.1.0, libxml2 2.9.10, cssselect 1.1.0, parsel 1.5.2, w3lib 1.21.0, Twisted 21.2.0, Python 3.8.5 (default, Sep  3 2020, 21:29:08) [MSC v.1916 64 bit (AMD64)], pyOpenSSL 19.1.0 (OpenSSL 1.1.1h  22 Sep 2020), cryptography 3.1.1, Platform Windows-10-10.0.19041-SP0
2021-07-23 14:21:59 [scrapy.crawler] INFO: Overridden settings: {'BOT_NAME': 'msds', 'COOKIES_ENABLED': False, 'DOWNLOAD_DELAY': 3, 'LOG_FILE': 'logs\\default\\demo\\470522e3eb7e11ebacbb484520c2cd5f.log', 'NEWSPIDER_MODULE': 'msds.spiders', 'SPIDER_MODULES': ['msds.spiders'], 'USER_AGENT': 'Mozilla/5.0 (Windows NT 6.1) AppleWebKit/535.1 (KHTML, like Gecko) Chrome/13.0.782.41 Safari/535.1 QQBrowser/6.9.11079.201'}
2021-07-23 14:21:59 [scrapy.extensions.telnet] INFO: Telnet Password: 9bfe816dec919586
2021-07-23 14:21:59 [scrapy.middleware] INFO: Enabled extensions:
['scrapy.extensions.corestats.CoreStats',
 'scrapy.extensions.telnet.TelnetConsole',
 'scrapy.extensions.logstats.LogStats']
2021-07-23 14:21:59 [scrapy.middleware] INFO: Enabled downloader middlewares:
['scrapy.downloadermiddlewares.httpauth.HttpAuthMiddleware',
 'scrapy.downloadermiddlewares.downloadtimeout.DownloadTimeoutMiddleware',
 'scrapy.downloadermiddlewares.defaultheaders.DefaultHeadersMiddleware',
 'scrapy.downloadermiddlewares.useragent.UserAgentMiddleware',
 'scrapy.downloadermiddlewares.retry.RetryMiddleware',
 'scrapy.downloadermiddlewares.redirect.MetaRefreshMiddleware',
 'scrapy.downloadermiddlewares.httpcompression.HttpCompressionMiddleware',
 'scrapy.downloadermiddlewares.redirect.RedirectMiddleware',
 'scrapy.downloadermiddlewares.httpproxy.HttpProxyMiddleware',
 'scrapy.downloadermiddlewares.stats.DownloaderStats']
2021-07-23 14:21:59 [scrapy.middleware] INFO: Enabled spider middlewares:
['scrapy.spidermiddlewares.httperror.HttpErrorMiddleware',
 'scrapy.spidermiddlewares.offsite.OffsiteMiddleware',
 'scrapy.spidermiddlewares.referer.RefererMiddleware',
 'scrapy.spidermiddlewares.urllength.UrlLengthMiddleware',
 'scrapy.spidermiddlewares.depth.DepthMiddleware']
2021-07-23 14:21:59 [scrapy.middleware] INFO: Enabled item pipelines:
[]
2021-07-23 14:21:59 [scrapy.core.engine] INFO: Spider opened
2021-07-23 14:21:59 [scrapy.extensions.logstats] INFO: Crawled 0 pages (at 0 pages/min), scraped 0 items (at 0 items/min)
2021-07-23 14:21:59 [scrapy.extensions.telnet] INFO: Telnet console listening on 127.0.0.1:6023
2021-07-23 14:22:00 [scrapy.core.engine] DEBUG: Crawled (200) <GET https://www.ip.cn/> (referer: None)
2021-07-23 14:22:00 [numexpr.utils] INFO: NumExpr defaulting to 4 threads.
2021-07-23 14:22:00 [scrapy.core.engine] INFO: Closing spider (finished)
2021-07-23 14:22:00 [scrapy.statscollectors] INFO: Dumping Scrapy stats:
{'downloader/request_bytes': 299,
 'downloader/request_count': 1,
 'downloader/request_method_count/GET': 1,
 'downloader/response_bytes': 4139,
 'downloader/response_count': 1,
 'downloader/response_status_count/200': 1,
 'elapsed_time_seconds': 1.268393,
 'finish_reason': 'finished',
 'finish_time': datetime.datetime(2021, 7, 23, 6, 22, 0, 510264),
 'log_count/DEBUG': 1,
 'log_count/INFO': 11,
 'response_received_count': 1,
 'scheduler/dequeued': 1,
 'scheduler/dequeued/memory': 1,
 'scheduler/enqueued': 1,
 'scheduler/enqueued/memory': 1,
 'start_time': datetime.datetime(2021, 7, 23, 6, 21, 59, 241871)}
2021-07-23 14:22:00 [scrapy.core.engine] INFO: Spider closed (finished)
